生成启动时间为 2015/11/24 0:35:41。
     1>项目“D:\VisualStudio\BUAACourse-Compiler-pl0\Compiler-pl0\Compiler-pl0.vcxproj”在节点 2 上(Build 个目标)。
     1>ClCompile:
         C:\Program Files (x86)\Microsoft Visual Studio 12.0\VC\bin\CL.exe /c /ZI /nologo /W3 /WX- /sdl /Od /Oy- /D WIN32 /D _DEBUG /D _CONSOLE /D _LIB /D _UNICODE /D UNICODE /Gm /EHsc /RTC1 /MDd /GS /fp:precise /Zc:wchar_t /Zc:forScope /Fo"Debug\\" /Fd"Debug\vc120.pdb" /Gd /TP /analyze- /errorReport:prompt Parser.cpp
         Parser.cpp
     1>d:\visualstudio\buaacourse-compiler-pl0\compiler-pl0\parser.cpp(352): warning C4101: “t”: 未引用的局部变量
     1>d:\visualstudio\buaacourse-compiler-pl0\compiler-pl0\parser.cpp(406): warning C4101: “it”: 未引用的局部变量
     1>d:\visualstudio\buaacourse-compiler-pl0\compiler-pl0\parser.cpp(408): warning C4101: “tmpLv”: 未引用的局部变量
     1>d:\visualstudio\buaacourse-compiler-pl0\compiler-pl0\parser.cpp(407): warning C4101: “dt”: 未引用的局部变量
     1>d:\visualstudio\buaacourse-compiler-pl0\compiler-pl0\parser.cpp(530): warning C4101: “it”: 未引用的局部变量
       Link:
         C:\Program Files (x86)\Microsoft Visual Studio 12.0\VC\bin\link.exe /ERRORREPORT:PROMPT /OUT:"D:\VisualStudio\BUAACourse-Compiler-pl0\Debug\Compiler-pl0.exe" /INCREMENTAL /NOLOGO kernel32.lib user32.lib gdi32.lib winspool.lib comdlg32.lib advapi32.lib shell32.lib ole32.lib oleaut32.lib uuid.lib odbc32.lib odbccp32.lib /MANIFEST /MANIFESTUAC:"level='asInvoker' uiAccess='false'" /manifest:embed /DEBUG /PDB:"D:\VisualStudio\BUAACourse-Compiler-pl0\Debug\Compiler-pl0.pdb" /SUBSYSTEM:CONSOLE /TLBID:1 /DYNAMICBASE /NXCOMPAT /IMPLIB:"D:\VisualStudio\BUAACourse-Compiler-pl0\Debug\Compiler-pl0.lib" /MACHINE:X86 "Debug\Compiler-pl0.obj"
         Debug\definitions.obj
         Debug\Err.obj
         Debug\Generator.obj
         Debug\Lexer.obj
         Debug\Parser.obj
         Compiler-pl0.vcxproj -> D:\VisualStudio\BUAACourse-Compiler-pl0\Debug\Compiler-pl0.exe
     1>已完成生成项目“D:\VisualStudio\BUAACourse-Compiler-pl0\Compiler-pl0\Compiler-pl0.vcxproj”(Build 个目标)的操作。

生成成功。

已用时间 00:00:01.07
